<?xml version="1.0" encoding="UTF-8"?>
<!-- Generated by org.testng.reporters.JUnitReportReporter -->
<testsuite hostname="US1245187W2" failures="0" tests="1" name="DotNetTest" time="1.898" errors="0" timestamp="10 Sep 2020 18:39:18 GMT" skipped="0">
  <testcase classname="DotNetTest" name="test" time="1.898"/>
</testsuite> <!-- DotNetTest -->
